<?xml version="1.0" encoding="UTF-8"?>
<!-- Generated by org.testng.reporters.JUnitReportReporter -->
<testsuite hostname="SivaKotiReddy" name="thirdWeek_homeWork.Amazon_Sourced_excel_inChrome" tests="3" failures="0" timestamp="10 Jul 2015 21:59:40 GMT" time="7.711" errors="0">
  <testcase name="searchProduct" time="1.866" classname="thirdWeek_homeWork.Amazon_Sourced_excel_inChrome"/>
  <testcase name="selectProduct" time="4.003" classname="thirdWeek_homeWork.Amazon_Sourced_excel_inChrome"/>
  <testcase name="addToCart" time="1.842" classname="thirdWeek_homeWork.Amazon_Sourced_excel_inChrome"/>
</testsuite> <!-- thirdWeek_homeWork.Amazon_Sourced_excel_inChrome -->
