<?xml version="1.0" encoding="UTF-8"?>
<!-- Generated by org.testng.reporters.JUnitReportReporter -->
<testsuite hostname="SivaKotiReddy" name="thirdweek_class_work.NewTest" tests="1" failures="0" timestamp="5 Jul 2015 05:14:54 GMT" time="227.541" errors="0">
  <testcase name="xlsbasictest" time="227.541" classname="thirdweek_class_work.NewTest"/>
</testsuite> <!-- thirdweek_class_work.NewTest -->
