<?xml version="1.0" encoding="UTF-8"?>
<!-- Generated by org.testng.reporters.JUnitReportReporter -->
<testsuite hostname="SivaKotiReddy" name="project.TestCaseThree" tests="2" failures="0" timestamp="18 Jul 2015 15:53:06 GMT" time="156.161" errors="0">
  <testcase name="testcasethree" time="78.608" classname="project.TestCaseThree"/>
  <testcase name="testcasethree" time="77.553" classname="project.TestCaseThree"/>
</testsuite> <!-- project.TestCaseThree -->
