<?xml version="1.0" encoding="UTF-8"?>
<!-- Generated by org.testng.reporters.JUnitReportReporter -->
<testsuite hostname="SivaKotiReddy" name="thirdWeek_homeWork.CreateAccouny_forTestNG_groups" tests="1" failures="0" timestamp="18 Jul 2015 16:36:05 GMT" time="27.771" errors="0">
  <testcase name="createaccount" time="27.771" classname="thirdWeek_homeWork.CreateAccouny_forTestNG_groups"/>
</testsuite> <!-- thirdWeek_homeWork.CreateAccouny_forTestNG_groups -->
