<?xml version="1.0" encoding="UTF-8"?>
<!-- Generated by org.testng.reporters.JUnitReportReporter -->
<testsuite hostname="SivaKotiReddy" name="thirdweek_class_work.Test1" tests="1" failures="0" timestamp="5 Jul 2015 03:36:50 GMT" time="0.000" errors="0">
  <testcase name="TestinfClass" time="0.000" classname="thirdweek_class_work.Test1"/>
</testsuite> <!-- thirdweek_class_work.Test1 -->
