<?xml version="1.0" encoding="UTF-8"?>
<!-- Generated by org.testng.reporters.JUnitReportReporter -->
<testsuite hostname="SivaKotiReddy" name="thirdWeek_homeWork.Dummy_Methods_for_TestNG" tests="5" failures="3" timestamp="10 Jul 2015 20:39:34 GMT" time="0.016" errors="0">
  <testcase name="signup" time="0.000" classname="thirdWeek_homeWork.Dummy_Methods_for_TestNG"/>
  <testcase name="login" time="0.016" classname="thirdWeek_homeWork.Dummy_Methods_for_TestNG">
    <failure type="java.lang.Exception">
      <![CDATA[java.lang.Exception
	at thirdWeek_homeWork.Dummy_Methods_for_TestNG.login(Dummy_Methods_for_TestNG.java:17)
	at sun.reflect.NativeMethodAccessorImpl.invoke0(Native Method)
	at sun.reflect.NativeMethodAccessorImpl.invoke(Unknown Source)
	at sun.reflect.DelegatingMethodAccessorImpl.invoke(Unknown Source)
	at java.lang.reflect.Method.invoke(Unknown Source)
	at org.testng.internal.MethodInvocationHelper.invokeMethod(MethodInvocationHelper.java:84)
	at org.testng.internal.Invoker.invokeMethod(Invoker.java:714)
	at org.testng.internal.Invoker.invokeTestMethod(Invoker.java:901)
	at org.testng.internal.Invoker.invokeTestMethods(Invoker.java:1231)
	at org.testng.internal.TestMethodWorker.invokeTestMethods(TestMethodWorker.java:127)
	at org.testng.internal.TestMethodWorker.run(TestMethodWorker.java:111)
	at org.testng.TestRunner.privateRun(TestRunner.java:767)
	at org.testng.TestRunner.run(TestRunner.java:617)
	at org.testng.SuiteRunner.runTest(SuiteRunner.java:334)
	at org.testng.SuiteRunner.runSequentially(SuiteRunner.java:329)
	at org.testng.SuiteRunner.privateRun(SuiteRunner.java:291)
	at org.testng.SuiteRunner.run(SuiteRunner.java:240)
	at org.testng.SuiteRunnerWorker.runSuite(SuiteRunnerWorker.java:52)
	at org.testng.SuiteRunnerWorker.run(SuiteRunnerWorker.java:86)
	at org.testng.TestNG.runSuitesSequentially(TestNG.java:1224)
	at org.testng.TestNG.runSuitesLocally(TestNG.java:1149)
	at org.testng.TestNG.run(TestNG.java:1057)
	at org.testng.remote.RemoteTestNG.run(RemoteTestNG.java:111)
	at org.testng.remote.RemoteTestNG.initAndRun(RemoteTestNG.java:204)
	at org.testng.remote.RemoteTestNG.main(RemoteTestNG.java:175)
]]>
    </failure>
  </testcase> <!-- login -->
  <testcase name="logout" time="0.000" classname="thirdWeek_homeWork.Dummy_Methods_for_TestNG"/>
  <testcase name="createaccount" time="0.000" classname="thirdWeek_homeWork.Dummy_Methods_for_TestNG"/>
  <testcase name="createlead" time="0.000" classname="thirdWeek_homeWork.Dummy_Methods_for_TestNG"/>
</testsuite> <!-- thirdWeek_homeWork.Dummy_Methods_for_TestNG -->
