<?xml version="1.0" encoding="UTF-8"?>
<!-- Generated by org.testng.reporters.JUnitReportReporter -->
<testsuite hostname="SivaKotiReddy" name="thirdWeek_homeWork.Amazon_Shopping_Sourced_Excel" tests="3" failures="0" timestamp="12 Jul 2015 08:38:53 GMT" time="15.445" errors="0">
  <testcase name="searchProduct" time="6.396" classname="thirdWeek_homeWork.Amazon_Shopping_Sourced_Excel"/>
  <testcase name="addToCart" time="2.685" classname="thirdWeek_homeWork.Amazon_Shopping_Sourced_Excel"/>
  <testcase name="selectProduct" time="6.364" classname="thirdWeek_homeWork.Amazon_Shopping_Sourced_Excel"/>
</testsuite> <!-- thirdWeek_homeWork.Amazon_Shopping_Sourced_Excel -->
