<?xml version="1.0" encoding="UTF-8"?>
<!-- Generated by org.testng.reporters.JUnitReportReporter -->
<testsuite hostname="SivaKotiReddy" name="thirdweek_class_work.Google" tests="1" failures="0" timestamp="5 Jul 2015 03:36:50 GMT" time="0.000" errors="0">
  <testcase name="launchgoogle" time="0.000" classname="thirdweek_class_work.Google"/>
</testsuite> <!-- thirdweek_class_work.Google -->
