<?xml version="1.0" encoding="UTF-8"?>
<!-- Generated by org.testng.reporters.JUnitReportReporter -->
<testsuite hostname="SivaKotiReddy" name="thirdWeek_homeWork.CreateLead_forTestNG_groups" tests="1" failures="0" timestamp="18 Jul 2015 22:08:38 GMT" time="28.736" errors="0">
  <testcase name="createlead" time="28.736" classname="thirdWeek_homeWork.CreateLead_forTestNG_groups"/>
</testsuite> <!-- thirdWeek_homeWork.CreateLead_forTestNG_groups -->
